  [1m[36m (2.0ms)[0m  [1mCREATE TABLE "schema_migrations" ("version" varchar(255) NOT NULL) [0m
  [1m[35m (0.0ms)[0m  select sqlite_version(*)
  [1m[36m (3.0ms)[0m  [1mCREATE UNIQUE INDEX "unique_schema_migrations" ON "schema_migrations" ("version")[0m
  [1m[35mActiveRecord::SchemaMigration Load (1.0ms)[0m  SELECT "schema_migrations".* FROM "schema_migrations"
Migrating to CreateProducts (20140815194131)
  [1m[36m (0.0ms)[0m  [1mbegin transaction[0m
  [1m[35m (2.0ms)[0m  CREATE TABLE "products" ("id" INTEGER PRIMARY KEY AUTOINCREMENT NOT NULL, "title" varchar(255), "description" text, "image_url" varchar(255), "price" decimal(8,2), "created_at" datetime, "updated_at" datetime) 
  [1m[36mSQL (0.0ms)[0m  [1mINSERT INTO "schema_migrations" ("version") VALUES (?)[0m  [["version", "20140815194131"]]
  [1m[35m (4.0ms)[0m  commit transaction
  [1m[36mActiveRecord::SchemaMigration Load (0.0ms)[0m  [1mSELECT "schema_migrations".* FROM "schema_migrations"[0m


Started GET "/" for 127.0.0.1 at 2014-08-15 15:45:41 -0400
  [1m[36mActiveRecord::SchemaMigration Load (0.0ms)[0m  [1mSELECT "schema_migrations".* FROM "schema_migrations"[0m
Processing by Rails::WelcomeController#index as HTML
  Rendered C:/RailsInstaller/Ruby1.9.3/lib/ruby/gems/1.9.1/gems/railties-4.1.4/lib/rails/templates/rails/welcome/index.html.erb (12.0ms)
Completed 200 OK in 94ms (Views: 70.0ms | ActiveRecord: 0.0ms)


Started GET "/rails/info/properties" for 127.0.0.1 at 2014-08-15 15:48:18 -0400
Processing by Rails::InfoController#properties as HTML
  [1m[35mActiveRecord::SchemaMigration Load (0.0ms)[0m  SELECT "schema_migrations".* FROM "schema_migrations"
  Rendered C:/RailsInstaller/Ruby1.9.3/lib/ruby/gems/1.9.1/gems/railties-4.1.4/lib/rails/templates/rails/info/properties.html.erb (0.0ms)
Completed 200 OK in 56ms (Views: 42.0ms | ActiveRecord: 1.0ms)


Started GET "/products" for 127.0.0.1 at 2014-08-15 15:49:02 -0400
Processing by ProductsController#index as HTML
  [1m[36mProduct Load (0.0ms)[0m  [1mSELECT "products".* FROM "products"[0m
  Rendered products/index.html.erb within layouts/application (2.0ms)
Completed 200 OK in 1004ms (Views: 1000.0ms | ActiveRecord: 0.0ms)


Started GET "/assets/products.css?body=1" for 127.0.0.1 at 2014-08-15 15:49:03 -0400


Started GET "/assets/scaffolds.css?body=1" for 127.0.0.1 at 2014-08-15 15:49:03 -0400


Started GET "/assets/application.css?body=1" for 127.0.0.1 at 2014-08-15 15:49:03 -0400


Started GET "/assets/jquery.js?body=1" for 127.0.0.1 at 2014-08-15 15:49:03 -0400


Started GET "/assets/products.js?body=1" for 127.0.0.1 at 2014-08-15 15:49:03 -0400


Started GET "/assets/jquery_ujs.js?body=1" for 127.0.0.1 at 2014-08-15 15:49:03 -0400


Started GET "/assets/turbolinks.js?body=1" for 127.0.0.1 at 2014-08-15 15:49:03 -0400


Started GET "/assets/application.js?body=1" for 127.0.0.1 at 2014-08-15 15:49:03 -0400


Started GET "/products/new" for 127.0.0.1 at 2014-08-15 15:58:38 -0400
Processing by ProductsController#new as HTML
  Rendered products/_form.html.erb (128.0ms)
  Rendered products/new.html.erb within layouts/application (152.0ms)
Completed 200 OK in 168ms (Views: 165.0ms | ActiveRecord: 1.0ms)


Started POST "/products" for 127.0.0.1 at 2014-08-15 15:59:17 -0400
Processing by ProductsController#create as HTML
  Parameters: {"utf8"=>"✓", "authenticity_token"=>"ILUlO2pqF1wqdIsOhbPyX/u5Wr0C8JX056iSy+YgXWU=", "product"=>{"title"=>"CoffeeScript", "description"=>"<p> CoffeeScript is a little language that compiles into JavaScript. Underneath that awkward Java-esque patina, JavaScript has always had a gorgeous heart. CoffeeScript is an attempt to expose the good parts of JavaScript in a simple way.</p>\r\n\r\n<p>The golden rule of CoffeeScript is: \"It's just JavaScript\". The code compiles one-to-one into the equivalent JS, and there is no interpretation at runtime. You can use any existing JavaScript library seamlessly from CoffeeScript (and vice-versa). The compiled output is readable and pretty-printed, will work in every JavaScript runtime, and tends to run as fast or faster than the equivalent handwritten JavaScript. </p>", "image_url"=>"cs.jpg", "price"=>"36.00"}, "commit"=>"Create Product"}
  [1m[35m (0.0ms)[0m  begin transaction
  [1m[36mSQL (1.0ms)[0m  [1mINSERT INTO "products" ("created_at", "description", "image_url", "price", "title", "updated_at") VALUES (?, ?, ?, ?, ?, ?)[0m  [["created_at", "2014-08-15 19:59:17.671450"], ["description", "<p> CoffeeScript is a little language that compiles into JavaScript. Underneath that awkward Java-esque patina, JavaScript has always had a gorgeous heart. CoffeeScript is an attempt to expose the good parts of JavaScript in a simple way.</p>\r\n\r\n<p>The golden rule of CoffeeScript is: \"It's just JavaScript\". The code compiles one-to-one into the equivalent JS, and there is no interpretation at runtime. You can use any existing JavaScript library seamlessly from CoffeeScript (and vice-versa). The compiled output is readable and pretty-printed, will work in every JavaScript runtime, and tends to run as fast or faster than the equivalent handwritten JavaScript. </p>"], ["image_url", "cs.jpg"], ["price", 36.0], ["title", "CoffeeScript"], ["updated_at", "2014-08-15 19:59:17.671450"]]
  [1m[35m (2.0ms)[0m  commit transaction
Redirected to http://localhost/products/1
Completed 302 Found in 38ms (ActiveRecord: 3.0ms)


Started GET "/products/1" for 127.0.0.1 at 2014-08-15 15:59:17 -0400
Processing by ProductsController#show as HTML
  Parameters: {"id"=>"1"}
  [1m[36mProduct Load (1.0ms)[0m  [1mSELECT  "products".* FROM "products"  WHERE "products"."id" = ? LIMIT 1[0m  [["id", 1]]
  Rendered products/show.html.erb within layouts/application (1.0ms)
Completed 200 OK in 17ms (Views: 15.0ms | ActiveRecord: 1.0ms)


Started GET "/assets/products.css?body=1" for 127.0.0.1 at 2014-08-15 15:59:17 -0400


Started GET "/assets/scaffolds.css?body=1" for 127.0.0.1 at 2014-08-15 15:59:17 -0400


Started GET "/assets/application.css?body=1" for 127.0.0.1 at 2014-08-15 15:59:17 -0400


Started GET "/assets/jquery.js?body=1" for 127.0.0.1 at 2014-08-15 15:59:17 -0400


Started GET "/assets/jquery_ujs.js?body=1" for 127.0.0.1 at 2014-08-15 15:59:17 -0400


Started GET "/assets/turbolinks.js?body=1" for 127.0.0.1 at 2014-08-15 15:59:17 -0400


Started GET "/assets/products.js?body=1" for 127.0.0.1 at 2014-08-15 15:59:17 -0400


Started GET "/assets/application.js?body=1" for 127.0.0.1 at 2014-08-15 15:59:17 -0400


Started GET "/products" for 127.0.0.1 at 2014-08-15 15:59:20 -0400
Processing by ProductsController#index as HTML
  [1m[35mProduct Load (0.0ms)[0m  SELECT "products".* FROM "products"
  Rendered products/index.html.erb within layouts/application (3.0ms)
Completed 200 OK in 27ms (Views: 26.0ms | ActiveRecord: 0.0ms)
  [1m[36mActiveRecord::SchemaMigration Load (1.0ms)[0m  [1mSELECT "schema_migrations".* FROM "schema_migrations"[0m
  [1m[35mSQL (3.0ms)[0m  DELETE FROM "products"
  [1m[36m (0.0ms)[0m  [1mbegin transaction[0m
  [1m[35mSQL (1.0ms)[0m  INSERT INTO "products" ("created_at", "description", "image_url", "price", "title", "updated_at") VALUES (?, ?, ?, ?, ?, ?)  [["created_at", "2014-08-15 20:17:28.840479"], ["description", "<p>\n        CoffeeScript is JavaScript done right. It provides all of JavaScript's\n  functionality wrapped in a cleaner, more succinct syntax. In the first\n  book on this exciting new language, CoffeeScript guru Trevor Burnham\n  shows you how to hold onto all the power and flexibility of JavaScript\n  while writing clearer, cleaner, and safer code.\n      </p>"], ["image_url", "cs.jpg"], ["price", 36.0], ["title", "CoffeeScript"], ["updated_at", "2014-08-15 20:17:28.840479"]]
  [1m[36m (2.0ms)[0m  [1mcommit transaction[0m
  [1m[35m (0.0ms)[0m  begin transaction
  [1m[36mSQL (1.0ms)[0m  [1mINSERT INTO "products" ("created_at", "description", "image_url", "price", "title", "updated_at") VALUES (?, ?, ?, ?, ?, ?)[0m  [["created_at", "2014-08-15 20:17:28.850480"], ["description", "<p>\n        Ruby is the fastest growing and most exciting dynamic language\n        out there. If you need to get working programs delivered fast,\n        you should add Ruby to your toolbox.\n      </p>"], ["image_url", "ruby.jpg"], ["price", 49.95], ["title", "Programming Ruby 1.9 & 2.0"], ["updated_at", "2014-08-15 20:17:28.850480"]]
  [1m[35m (2.0ms)[0m  commit transaction
  [1m[36m (0.0ms)[0m  [1mbegin transaction[0m
  [1m[35mSQL (1.0ms)[0m  INSERT INTO "products" ("created_at", "description", "image_url", "price", "title", "updated_at") VALUES (?, ?, ?, ?, ?, ?)  [["created_at", "2014-08-15 20:17:28.854480"], ["description", "<p>\n        <em>Rails Test Prescriptions</em> is a comprehensive guide to testing\n        Rails applications, covering Test-Driven Development from both a\n        theoretical perspective (why to test) and from a practical perspective\n        (how to test effectively). It covers the core Rails testing tools and\n        procedures for Rails 2 and Rails 3, and introduces popular add-ons,\n        including Cucumber, Shoulda, Machinist, Mocha, and Rcov.\n      </p>"], ["image_url", "rtp.jpg"], ["price", 34.95], ["title", "Rails Test Prescriptions"], ["updated_at", "2014-08-15 20:17:28.854480"]]
  [1m[36m (2.0ms)[0m  [1mcommit transaction[0m


Started GET "/products" for 127.0.0.1 at 2014-08-15 16:17:46 -0400
Processing by ProductsController#index as HTML
  [1m[36mProduct Load (1.0ms)[0m  [1mSELECT "products".* FROM "products"[0m
  Rendered products/index.html.erb within layouts/application (3.0ms)
Completed 200 OK in 21ms (Views: 19.0ms | ActiveRecord: 1.0ms)


Started GET "/assets/scaffolds.css?body=1" for 127.0.0.1 at 2014-08-15 16:17:46 -0400


Started GET "/assets/application.css?body=1" for 127.0.0.1 at 2014-08-15 16:17:46 -0400


Started GET "/assets/products.css?body=1" for 127.0.0.1 at 2014-08-15 16:17:46 -0400


Started GET "/assets/jquery.js?body=1" for 127.0.0.1 at 2014-08-15 16:17:46 -0400


Started GET "/assets/jquery_ujs.js?body=1" for 127.0.0.1 at 2014-08-15 16:17:46 -0400


Started GET "/assets/turbolinks.js?body=1" for 127.0.0.1 at 2014-08-15 16:17:46 -0400


Started GET "/assets/products.js?body=1" for 127.0.0.1 at 2014-08-15 16:17:46 -0400


Started GET "/assets/application.js?body=1" for 127.0.0.1 at 2014-08-15 16:17:46 -0400


Started GET "/products" for 127.0.0.1 at 2014-08-15 16:24:04 -0400
Processing by ProductsController#index as HTML
  [1m[35mProduct Load (0.0ms)[0m  SELECT "products".* FROM "products"
  Rendered products/index.html.erb within layouts/application (4.0ms)
Completed 200 OK in 91ms (Views: 90.0ms | ActiveRecord: 0.0ms)


Started GET "/assets/scaffolds.css?body=1" for 127.0.0.1 at 2014-08-15 16:24:04 -0400


Started GET "/assets/application.css?body=1" for 127.0.0.1 at 2014-08-15 16:24:04 -0400


Started GET "/assets/products.css?body=1" for 127.0.0.1 at 2014-08-15 16:24:04 -0400


Started GET "/assets/jquery.js?body=1" for 127.0.0.1 at 2014-08-15 16:24:04 -0400


Started GET "/assets/jquery_ujs.js?body=1" for 127.0.0.1 at 2014-08-15 16:24:04 -0400


Started GET "/assets/turbolinks.js?body=1" for 127.0.0.1 at 2014-08-15 16:24:04 -0400


Started GET "/assets/products.js?body=1" for 127.0.0.1 at 2014-08-15 16:24:04 -0400


Started GET "/assets/application.js?body=1" for 127.0.0.1 at 2014-08-15 16:24:04 -0400


Started GET "/products" for 127.0.0.1 at 2014-08-15 16:28:04 -0400
Processing by ProductsController#index as HTML
  [1m[36mProduct Load (1.0ms)[0m  [1mSELECT "products".* FROM "products"[0m
  Rendered products/index.html.erb within layouts/application (3.0ms)
Completed 200 OK in 23ms (Views: 21.0ms | ActiveRecord: 1.0ms)


Started GET "/assets/products.css?body=1" for 127.0.0.1 at 2014-08-15 16:28:04 -0400


Started GET "/assets/scaffolds.css?body=1" for 127.0.0.1 at 2014-08-15 16:28:04 -0400


Started GET "/assets/application.css?body=1" for 127.0.0.1 at 2014-08-15 16:28:05 -0400


Started GET "/assets/jquery.js?body=1" for 127.0.0.1 at 2014-08-15 16:28:05 -0400


Started GET "/assets/jquery_ujs.js?body=1" for 127.0.0.1 at 2014-08-15 16:28:05 -0400


Started GET "/assets/turbolinks.js?body=1" for 127.0.0.1 at 2014-08-15 16:28:05 -0400


Started GET "/assets/products.js?body=1" for 127.0.0.1 at 2014-08-15 16:28:05 -0400


Started GET "/assets/application.js?body=1" for 127.0.0.1 at 2014-08-15 16:28:05 -0400


Started GET "/products" for 127.0.0.1 at 2014-08-15 16:30:24 -0400
Processing by ProductsController#index as HTML
  [1m[35mProduct Load (0.0ms)[0m  SELECT "products".* FROM "products"
  Rendered products/index.html.erb within layouts/application (102.0ms)
Completed 200 OK in 122ms (Views: 120.0ms | ActiveRecord: 0.0ms)


Started GET "/assets/products.css?body=1" for 127.0.0.1 at 2014-08-15 16:30:25 -0400


Started GET "/assets/scaffolds.css?body=1" for 127.0.0.1 at 2014-08-15 16:30:25 -0400


Started GET "/assets/application.css?body=1" for 127.0.0.1 at 2014-08-15 16:30:25 -0400


Started GET "/assets/jquery.js?body=1" for 127.0.0.1 at 2014-08-15 16:30:25 -0400


Started GET "/assets/jquery_ujs.js?body=1" for 127.0.0.1 at 2014-08-15 16:30:25 -0400


Started GET "/assets/turbolinks.js?body=1" for 127.0.0.1 at 2014-08-15 16:30:25 -0400


Started GET "/assets/products.js?body=1" for 127.0.0.1 at 2014-08-15 16:30:25 -0400


Started GET "/assets/application.js?body=1" for 127.0.0.1 at 2014-08-15 16:30:25 -0400


Started GET "/images/cs.jpg" for 127.0.0.1 at 2014-08-15 16:30:25 -0400

ActionController::RoutingError (No route matches [GET] "/images/cs.jpg"):
  actionpack (4.1.4) lib/action_dispatch/middleware/debug_exceptions.rb:21:in `call'
  actionpack (4.1.4) lib/action_dispatch/middleware/show_exceptions.rb:30:in `call'
  railties (4.1.4) lib/rails/rack/logger.rb:38:in `call_app'
  railties (4.1.4) lib/rails/rack/logger.rb:20:in `block in call'
  activesupport (4.1.4) lib/active_support/tagged_logging.rb:68:in `block in tagged'
  activesupport (4.1.4) lib/active_support/tagged_logging.rb:26:in `tagged'
  activesupport (4.1.4) lib/active_support/tagged_logging.rb:68:in `tagged'
  railties (4.1.4) lib/rails/rack/logger.rb:20:in `call'
  actionpack (4.1.4) lib/action_dispatch/middleware/request_id.rb:21:in `call'
  rack (1.5.2) lib/rack/methodoverride.rb:21:in `call'
  rack (1.5.2) lib/rack/runtime.rb:17:in `call'
  activesupport (4.1.4) lib/active_support/cache/strategy/local_cache_middleware.rb:26:in `call'
  rack (1.5.2) lib/rack/lock.rb:17:in `call'
  actionpack (4.1.4) lib/action_dispatch/middleware/static.rb:64:in `call'
  rack (1.5.2) lib/rack/sendfile.rb:112:in `call'
  railties (4.1.4) lib/rails/engine.rb:514:in `call'
  railties (4.1.4) lib/rails/application.rb:144:in `call'
  rack (1.5.2) lib/rack/lock.rb:17:in `call'
  rack (1.5.2) lib/rack/content_length.rb:14:in `call'
  rack (1.5.2) lib/rack/handler/webrick.rb:60:in `service'
  C:/RailsInstaller/Ruby1.9.3/lib/ruby/1.9.1/webrick/httpserver.rb:138:in `service'
  C:/RailsInstaller/Ruby1.9.3/lib/ruby/1.9.1/webrick/httpserver.rb:94:in `run'
  C:/RailsInstaller/Ruby1.9.3/lib/ruby/1.9.1/webrick/server.rb:191:in `block in start_thread'


  Rendered C:/RailsInstaller/Ruby1.9.3/lib/ruby/gems/1.9.1/gems/actionpack-4.1.4/lib/action_dispatch/middleware/templates/rescues/_trace.html.erb (1.0ms)
  Rendered C:/RailsInstaller/Ruby1.9.3/lib/ruby/gems/1.9.1/gems/actionpack-4.1.4/lib/action_dispatch/middleware/templates/routes/_route.html.erb (1.0ms)
  Rendered C:/RailsInstaller/Ruby1.9.3/lib/ruby/gems/1.9.1/gems/actionpack-4.1.4/lib/action_dispatch/middleware/templates/routes/_table.html.erb (12.0ms)
  Rendered C:/RailsInstaller/Ruby1.9.3/lib/ruby/gems/1.9.1/gems/actionpack-4.1.4/lib/action_dispatch/middleware/templates/rescues/routing_error.html.erb within rescues/layout (94.0ms)


Started GET "/images/ruby.jpg" for 127.0.0.1 at 2014-08-15 16:30:25 -0400

ActionController::RoutingError (No route matches [GET] "/images/ruby.jpg"):
  actionpack (4.1.4) lib/action_dispatch/middleware/debug_exceptions.rb:21:in `call'
  actionpack (4.1.4) lib/action_dispatch/middleware/show_exceptions.rb:30:in `call'
  railties (4.1.4) lib/rails/rack/logger.rb:38:in `call_app'
  railties (4.1.4) lib/rails/rack/logger.rb:20:in `block in call'
  activesupport (4.1.4) lib/active_support/tagged_logging.rb:68:in `block in tagged'
  activesupport (4.1.4) lib/active_support/tagged_logging.rb:26:in `tagged'
  activesupport (4.1.4) lib/active_support/tagged_logging.rb:68:in `tagged'
  railties (4.1.4) lib/rails/rack/logger.rb:20:in `call'
  actionpack (4.1.4) lib/action_dispatch/middleware/request_id.rb:21:in `call'
  rack (1.5.2) lib/rack/methodoverride.rb:21:in `call'
  rack (1.5.2) lib/rack/runtime.rb:17:in `call'
  activesupport (4.1.4) lib/active_support/cache/strategy/local_cache_middleware.rb:26:in `call'
  rack (1.5.2) lib/rack/lock.rb:17:in `call'
  actionpack (4.1.4) lib/action_dispatch/middleware/static.rb:64:in `call'
  rack (1.5.2) lib/rack/sendfile.rb:112:in `call'
  railties (4.1.4) lib/rails/engine.rb:514:in `call'
  railties (4.1.4) lib/rails/application.rb:144:in `call'
  rack (1.5.2) lib/rack/lock.rb:17:in `call'
  rack (1.5.2) lib/rack/content_length.rb:14:in `call'
  rack (1.5.2) lib/rack/handler/webrick.rb:60:in `service'
  C:/RailsInstaller/Ruby1.9.3/lib/ruby/1.9.1/webrick/httpserver.rb:138:in `service'
  C:/RailsInstaller/Ruby1.9.3/lib/ruby/1.9.1/webrick/httpserver.rb:94:in `run'
  C:/RailsInstaller/Ruby1.9.3/lib/ruby/1.9.1/webrick/server.rb:191:in `block in start_thread'


  Rendered C:/RailsInstaller/Ruby1.9.3/lib/ruby/gems/1.9.1/gems/actionpack-4.1.4/lib/action_dispatch/middleware/templates/rescues/_trace.html.erb (1.0ms)
  Rendered C:/RailsInstaller/Ruby1.9.3/lib/ruby/gems/1.9.1/gems/actionpack-4.1.4/lib/action_dispatch/middleware/templates/routes/_route.html.erb (1.0ms)
  Rendered C:/RailsInstaller/Ruby1.9.3/lib/ruby/gems/1.9.1/gems/actionpack-4.1.4/lib/action_dispatch/middleware/templates/routes/_table.html.erb (1.0ms)
  Rendered C:/RailsInstaller/Ruby1.9.3/lib/ruby/gems/1.9.1/gems/actionpack-4.1.4/lib/action_dispatch/middleware/templates/rescues/routing_error.html.erb within rescues/layout (59.0ms)


Started GET "/images/rtp.jpg" for 127.0.0.1 at 2014-08-15 16:30:25 -0400

ActionController::RoutingError (No route matches [GET] "/images/rtp.jpg"):
  actionpack (4.1.4) lib/action_dispatch/middleware/debug_exceptions.rb:21:in `call'
  actionpack (4.1.4) lib/action_dispatch/middleware/show_exceptions.rb:30:in `call'
  railties (4.1.4) lib/rails/rack/logger.rb:38:in `call_app'
  railties (4.1.4) lib/rails/rack/logger.rb:20:in `block in call'
  activesupport (4.1.4) lib/active_support/tagged_logging.rb:68:in `block in tagged'
  activesupport (4.1.4) lib/active_support/tagged_logging.rb:26:in `tagged'
  activesupport (4.1.4) lib/active_support/tagged_logging.rb:68:in `tagged'
  railties (4.1.4) lib/rails/rack/logger.rb:20:in `call'
  actionpack (4.1.4) lib/action_dispatch/middleware/request_id.rb:21:in `call'
  rack (1.5.2) lib/rack/methodoverride.rb:21:in `call'
  rack (1.5.2) lib/rack/runtime.rb:17:in `call'
  activesupport (4.1.4) lib/active_support/cache/strategy/local_cache_middleware.rb:26:in `call'
  rack (1.5.2) lib/rack/lock.rb:17:in `call'
  actionpack (4.1.4) lib/action_dispatch/middleware/static.rb:64:in `call'
  rack (1.5.2) lib/rack/sendfile.rb:112:in `call'
  railties (4.1.4) lib/rails/engine.rb:514:in `call'
  railties (4.1.4) lib/rails/application.rb:144:in `call'
  rack (1.5.2) lib/rack/lock.rb:17:in `call'
  rack (1.5.2) lib/rack/content_length.rb:14:in `call'
  rack (1.5.2) lib/rack/handler/webrick.rb:60:in `service'
  C:/RailsInstaller/Ruby1.9.3/lib/ruby/1.9.1/webrick/httpserver.rb:138:in `service'
  C:/RailsInstaller/Ruby1.9.3/lib/ruby/1.9.1/webrick/httpserver.rb:94:in `run'
  C:/RailsInstaller/Ruby1.9.3/lib/ruby/1.9.1/webrick/server.rb:191:in `block in start_thread'


  Rendered C:/RailsInstaller/Ruby1.9.3/lib/ruby/gems/1.9.1/gems/actionpack-4.1.4/lib/action_dispatch/middleware/templates/rescues/_trace.html.erb (1.0ms)
  Rendered C:/RailsInstaller/Ruby1.9.3/lib/ruby/gems/1.9.1/gems/actionpack-4.1.4/lib/action_dispatch/middleware/templates/routes/_route.html.erb (1.0ms)
  Rendered C:/RailsInstaller/Ruby1.9.3/lib/ruby/gems/1.9.1/gems/actionpack-4.1.4/lib/action_dispatch/middleware/templates/routes/_table.html.erb (1.0ms)
  Rendered C:/RailsInstaller/Ruby1.9.3/lib/ruby/gems/1.9.1/gems/actionpack-4.1.4/lib/action_dispatch/middleware/templates/rescues/routing_error.html.erb within rescues/layout (61.0ms)


Started GET "/products/4" for 127.0.0.1 at 2014-08-15 16:30:38 -0400
Processing by ProductsController#show as HTML
  Parameters: {"id"=>"4"}
  [1m[36mProduct Load (1.0ms)[0m  [1mSELECT  "products".* FROM "products"  WHERE "products"."id" = ? LIMIT 1[0m  [["id", 4]]
  Rendered products/show.html.erb within layouts/application (1.0ms)
Completed 200 OK in 38ms (Views: 36.0ms | ActiveRecord: 1.0ms)


Started GET "/products/3" for 127.0.0.1 at 2014-08-15 16:30:42 -0400
Processing by ProductsController#show as HTML
  Parameters: {"id"=>"3"}
  [1m[35mProduct Load (0.0ms)[0m  SELECT  "products".* FROM "products"  WHERE "products"."id" = ? LIMIT 1  [["id", 3]]
  Rendered products/show.html.erb within layouts/application (1.0ms)
Completed 200 OK in 20ms (Views: 18.0ms | ActiveRecord: 0.0ms)


Started GET "/products/2" for 127.0.0.1 at 2014-08-15 16:30:45 -0400
Processing by ProductsController#show as HTML
  Parameters: {"id"=>"2"}
  [1m[36mProduct Load (0.0ms)[0m  [1mSELECT  "products".* FROM "products"  WHERE "products"."id" = ? LIMIT 1[0m  [["id", 2]]
  Rendered products/show.html.erb within layouts/application (0.0ms)
Completed 200 OK in 20ms (Views: 18.0ms | ActiveRecord: 0.0ms)


Started GET "/products/new" for 127.0.0.1 at 2014-08-15 16:30:51 -0400
Processing by ProductsController#new as HTML
  Rendered products/_form.html.erb (5.0ms)
  Rendered products/new.html.erb within layouts/application (10.0ms)
Completed 200 OK in 29ms (Views: 29.0ms | ActiveRecord: 0.0ms)


Started GET "/products" for 127.0.0.1 at 2014-08-15 16:34:26 -0400
Processing by ProductsController#index as HTML
  [1m[35mProduct Load (0.0ms)[0m  SELECT "products".* FROM "products"
  Rendered products/index.html.erb within layouts/application (23.0ms)
Completed 200 OK in 40ms (Views: 39.0ms | ActiveRecord: 0.0ms)


Started GET "/assets/products.css?body=1" for 127.0.0.1 at 2014-08-15 16:34:26 -0400


Started GET "/assets/scaffolds.css?body=1" for 127.0.0.1 at 2014-08-15 16:34:26 -0400


Started GET "/assets/application.css?body=1" for 127.0.0.1 at 2014-08-15 16:34:26 -0400


Started GET "/assets/jquery.js?body=1" for 127.0.0.1 at 2014-08-15 16:34:26 -0400


Started GET "/assets/jquery_ujs.js?body=1" for 127.0.0.1 at 2014-08-15 16:34:26 -0400


Started GET "/assets/turbolinks.js?body=1" for 127.0.0.1 at 2014-08-15 16:34:26 -0400


Started GET "/assets/products.js?body=1" for 127.0.0.1 at 2014-08-15 16:34:26 -0400


Started GET "/assets/application.js?body=1" for 127.0.0.1 at 2014-08-15 16:34:26 -0400


Started GET "/assets/cs.jpg" for 127.0.0.1 at 2014-08-15 16:34:26 -0400


Started GET "/assets/ruby.jpg" for 127.0.0.1 at 2014-08-15 16:34:26 -0400


Started GET "/assets/rtp.jpg" for 127.0.0.1 at 2014-08-15 16:34:26 -0400


Started GET "/" for 127.0.0.1 at 2014-08-20 10:21:16 -0400
  [1m[36mActiveRecord::SchemaMigration Load (0.0ms)[0m  [1mSELECT "schema_migrations".* FROM "schema_migrations"[0m
Processing by Rails::WelcomeController#index as HTML
  Rendered C:/RailsInstaller/Ruby1.9.3/lib/ruby/gems/1.9.1/gems/railties-4.1.4/lib/rails/templates/rails/welcome/index.html.erb (14.0ms)
Completed 200 OK in 113ms (Views: 85.0ms | ActiveRecord: 0.0ms)


Started GET "/products" for 127.0.0.1 at 2014-08-20 10:21:26 -0400
Processing by ProductsController#index as HTML
  [1m[35mProduct Load (1.0ms)[0m  SELECT "products".* FROM "products"
  Rendered products/index.html.erb within layouts/application (105.0ms)
Completed 200 OK in 258ms (Views: 248.0ms | ActiveRecord: 2.0ms)


Started GET "/assets/products.css?body=1" for 127.0.0.1 at 2014-08-20 10:21:27 -0400


Started GET "/assets/scaffolds.css?body=1" for 127.0.0.1 at 2014-08-20 10:21:27 -0400


Started GET "/assets/application.css?body=1" for 127.0.0.1 at 2014-08-20 10:21:27 -0400


Started GET "/assets/jquery.js?body=1" for 127.0.0.1 at 2014-08-20 10:21:27 -0400


Started GET "/assets/jquery_ujs.js?body=1" for 127.0.0.1 at 2014-08-20 10:21:27 -0400


Started GET "/assets/turbolinks.js?body=1" for 127.0.0.1 at 2014-08-20 10:21:27 -0400


Started GET "/assets/products.js?body=1" for 127.0.0.1 at 2014-08-20 10:21:27 -0400


Started GET "/assets/application.js?body=1" for 127.0.0.1 at 2014-08-20 10:21:27 -0400


Started GET "/products/new" for 127.0.0.1 at 2014-08-20 10:21:34 -0400
Processing by ProductsController#new as HTML
  Rendered products/_form.html.erb (129.0ms)
  Rendered products/new.html.erb within layouts/application (154.0ms)
Completed 200 OK in 184ms (Views: 181.0ms | ActiveRecord: 0.0ms)


Started POST "/products" for 127.0.0.1 at 2014-08-20 10:21:36 -0400
Processing by ProductsController#create as HTML
  Parameters: {"utf8"=>"✓", "authenticity_token"=>"ILUlO2pqF1wqdIsOhbPyX/u5Wr0C8JX056iSy+YgXWU=", "product"=>{"title"=>"", "description"=>"", "image_url"=>"", "price"=>""}, "commit"=>"Create Product"}
  [1m[36m (0.0ms)[0m  [1mbegin transaction[0m
  [1m[35m (0.0ms)[0m  rollback transaction
  Rendered products/_form.html.erb (4.0ms)
  Rendered products/new.html.erb within layouts/application (8.0ms)
Completed 200 OK in 30ms (Views: 25.0ms | ActiveRecord: 0.0ms)


Started GET "/assets/products.css?body=1" for 127.0.0.1 at 2014-08-20 10:21:36 -0400


Started GET "/assets/scaffolds.css?body=1" for 127.0.0.1 at 2014-08-20 10:21:36 -0400


Started GET "/assets/application.css?body=1" for 127.0.0.1 at 2014-08-20 10:21:36 -0400


Started GET "/assets/jquery.js?body=1" for 127.0.0.1 at 2014-08-20 10:21:36 -0400


Started GET "/assets/jquery_ujs.js?body=1" for 127.0.0.1 at 2014-08-20 10:21:36 -0400


Started GET "/assets/turbolinks.js?body=1" for 127.0.0.1 at 2014-08-20 10:21:36 -0400


Started GET "/assets/products.js?body=1" for 127.0.0.1 at 2014-08-20 10:21:36 -0400


Started GET "/assets/application.js?body=1" for 127.0.0.1 at 2014-08-20 10:21:36 -0400
  [1m[36mActiveRecord::SchemaMigration Load (0.2ms)[0m  [1mSELECT "schema_migrations".* FROM "schema_migrations"[0m
  [1m[35mActiveRecord::SchemaMigration Load (0.1ms)[0m  SELECT "schema_migrations".* FROM "schema_migrations"


Started GET "/" for 192.168.2.254 at 2014-12-06 16:20:58 -0500
  [1m[36mActiveRecord::SchemaMigration Load (0.2ms)[0m  [1mSELECT "schema_migrations".* FROM "schema_migrations"[0m
Processing by Rails::WelcomeController#index as HTML
  Rendered /home/chris/.rbenv/versions/2.1.3/lib/ruby/gems/2.1.0/gems/railties-4.1.4/lib/rails/templates/rails/welcome/index.html.erb (5.6ms)
Completed 200 OK in 31ms (Views: 13.5ms | ActiveRecord: 0.0ms)


Started GET "/rails/info/properties" for 192.168.2.254 at 2014-12-06 16:21:05 -0500
Processing by Rails::InfoController#properties as */*
  [1m[35mActiveRecord::SchemaMigration Load (0.1ms)[0m  SELECT "schema_migrations".* FROM "schema_migrations"
  Rendered /home/chris/.rbenv/versions/2.1.3/lib/ruby/gems/2.1.0/gems/railties-4.1.4/lib/rails/templates/rails/info/properties.html.erb (0.6ms)
Completed 200 OK in 21ms (Views: 14.9ms | ActiveRecord: 0.4ms)


Started GET "/" for 192.168.2.254 at 2014-12-06 16:43:08 -0500
  [1m[36mActiveRecord::SchemaMigration Load (0.2ms)[0m  [1mSELECT "schema_migrations".* FROM "schema_migrations"[0m
Processing by Rails::WelcomeController#index as HTML
  Rendered /home/chris/.rbenv/versions/2.1.3/lib/ruby/gems/2.1.0/gems/railties-4.1.4/lib/rails/templates/rails/welcome/index.html.erb (4.4ms)
Completed 200 OK in 30ms (Views: 13.7ms | ActiveRecord: 0.0ms)


Started GET "/" for 192.168.2.254 at 2014-12-06 16:51:05 -0500
Processing by Rails::WelcomeController#index as HTML
  Rendered /home/chris/.rbenv/versions/2.1.3/lib/ruby/gems/2.1.0/gems/railties-4.1.4/lib/rails/templates/rails/welcome/index.html.erb (0.1ms)
Completed 200 OK in 3ms (Views: 2.0ms | ActiveRecord: 0.0ms)


Started GET "/" for 192.168.2.254 at 2014-12-06 16:56:31 -0500
Processing by Rails::WelcomeController#index as HTML
  Rendered /home/chris/.rbenv/versions/2.1.3/lib/ruby/gems/2.1.0/gems/railties-4.1.4/lib/rails/templates/rails/welcome/index.html.erb (0.1ms)
Completed 200 OK in 212ms (Views: 211.4ms | ActiveRecord: 0.0ms)


Started GET "/" for 192.168.2.254 at 2014-12-06 16:56:31 -0500
Processing by Rails::WelcomeController#index as HTML
  Rendered /home/chris/.rbenv/versions/2.1.3/lib/ruby/gems/2.1.0/gems/railties-4.1.4/lib/rails/templates/rails/welcome/index.html.erb (0.1ms)
Completed 200 OK in 2ms (Views: 1.3ms | ActiveRecord: 0.0ms)


Started GET "/products" for 192.168.2.254 at 2014-12-06 16:56:46 -0500
Processing by ProductsController#index as HTML
  [1m[35mProduct Load (0.7ms)[0m  SELECT "products".* FROM "products"
  Rendered products/index.html.erb within layouts/application (135.8ms)
Completed 200 OK in 1215ms (Views: 1188.1ms | ActiveRecord: 1.2ms)


Started GET "/assets/products.css?body=1" for 192.168.2.254 at 2014-12-06 16:56:47 -0500


Started GET "/assets/scaffolds.css?body=1" for 192.168.2.254 at 2014-12-06 16:56:47 -0500


Started GET "/assets/application.css?body=1" for 192.168.2.254 at 2014-12-06 16:56:47 -0500


Started GET "/assets/jquery.js?body=1" for 192.168.2.254 at 2014-12-06 16:56:47 -0500


Started GET "/assets/jquery_ujs.js?body=1" for 192.168.2.254 at 2014-12-06 16:56:47 -0500


Started GET "/assets/turbolinks.js?body=1" for 192.168.2.254 at 2014-12-06 16:56:47 -0500


Started GET "/assets/products.js?body=1" for 192.168.2.254 at 2014-12-06 16:56:47 -0500


Started GET "/assets/application.js?body=1" for 192.168.2.254 at 2014-12-06 16:56:47 -0500


Started GET "/assets/cs.jpg" for 192.168.2.254 at 2014-12-06 16:56:47 -0500


Started GET "/assets/ruby.jpg" for 192.168.2.254 at 2014-12-06 16:56:47 -0500


Started GET "/assets/rtp.jpg" for 192.168.2.254 at 2014-12-06 16:56:47 -0500


Started GET "/products/3" for 192.168.2.254 at 2014-12-06 16:56:53 -0500
Processing by ProductsController#show as HTML
  Parameters: {"id"=>"3"}
  [1m[36mProduct Load (0.4ms)[0m  [1mSELECT  "products".* FROM "products"  WHERE "products"."id" = ? LIMIT 1[0m  [["id", 3]]
  Rendered products/show.html.erb within layouts/application (23.7ms)
Completed 200 OK in 102ms (Views: 97.9ms | ActiveRecord: 0.4ms)


Started GET "/products" for 192.168.2.254 at 2014-12-06 16:56:57 -0500
Processing by ProductsController#index as HTML
  [1m[35mProduct Load (0.3ms)[0m  SELECT "products".* FROM "products"
  Rendered products/index.html.erb within layouts/application (6.2ms)
Completed 200 OK in 73ms (Views: 71.4ms | ActiveRecord: 0.3ms)


Started GET "/products/new" for 192.168.2.254 at 2014-12-06 16:56:59 -0500
Processing by ProductsController#new as HTML
  Rendered products/_form.html.erb (54.9ms)
  Rendered products/new.html.erb within layouts/application (92.7ms)
Completed 200 OK in 154ms (Views: 152.3ms | ActiveRecord: 0.0ms)


Started GET "/products" for 192.168.2.254 at 2014-12-06 16:57:01 -0500
Processing by ProductsController#index as HTML
  [1m[36mProduct Load (0.3ms)[0m  [1mSELECT "products".* FROM "products"[0m
  Rendered products/index.html.erb within layouts/application (3.8ms)
Completed 200 OK in 65ms (Views: 64.1ms | ActiveRecord: 0.3ms)


Started GET "/products/3/edit" for 192.168.2.254 at 2014-12-06 16:57:08 -0500
Processing by ProductsController#edit as HTML
  Parameters: {"id"=>"3"}
  [1m[35mProduct Load (0.2ms)[0m  SELECT  "products".* FROM "products"  WHERE "products"."id" = ? LIMIT 1  [["id", 3]]
  Rendered products/_form.html.erb (6.6ms)
  Rendered products/edit.html.erb within layouts/application (9.9ms)
Completed 200 OK in 93ms (Views: 90.6ms | ActiveRecord: 0.2ms)


Started GET "/products" for 192.168.2.254 at 2014-12-06 16:57:14 -0500
Processing by ProductsController#index as HTML
  [1m[36mProduct Load (0.3ms)[0m  [1mSELECT "products".* FROM "products"[0m
  Rendered products/index.html.erb within layouts/application (5.9ms)
Completed 200 OK in 78ms (Views: 77.2ms | ActiveRecord: 0.3ms)
